<?xml version="1.0" encoding="UTF-8"?>
<!-- Generated by org.testng.reporters.JUnitXMLReporter -->
<testsuite hostname="HOME-PC" ignored="0" name="TestNG-Class" tests="11" failures="0" timestamp="26 May 2023 18:06:44 GMT" time="1.083" errors="0">
  <testcase name="verifyLoginSuccessfulWithValidCredentials" time="0.01" classname="com.automation.testcases.DataDrivenTestExcel"/>
  <testcase name="verifyLoginUnsuccessfulWithInvalidCredentials" time="0.002" classname="com.automation.testcases.DataDrivenTestExcel"/>
  <testcase name="verifyLoginUnsuccessfulWithInvalidCredentials" time="0.0" classname="com.automation.testcases.DataDrivenTestExcel"/>
  <testcase name="verifyLoginUnsuccessfulWithInvalidCredentials" time="0.0" classname="com.automation.testcases.DataDrivenTestExcel"/>
  <testcase name="verifyLoginUnsuccessfulWithInvalidCredentials" time="0.0" classname="com.automation.testcases.DataDrivenTestExcel"/>
  <testcase name="verifyLoginUnsuccessfulWithInvalidCredentials" time="0.001" classname="com.automation.testcases.DataDrivenTestExcel"/>
  <testcase name="verifyLoginUnsuccessfulWithInvalidCredentials" time="0.0" classname="com.automation.testcases.DataDrivenTestExcel"/>
  <testcase name="verifyLoginUnsuccessfulWithInvalidCredentials" time="0.0" classname="com.automation.testcases.DataDrivenTestExcel"/>
  <testcase name="verifyLoginUnsuccessfulWithInvalidCredentials" time="0.001" classname="com.automation.testcases.DataDrivenTestExcel"/>
  <testcase name="verifyLoginUnsuccessfulWithInvalidCredentials" time="0.0" classname="com.automation.testcases.DataDrivenTestExcel"/>
  <testcase name="verifyLoginUnsuccessfulWithInvalidCredentials" time="0.0" classname="com.automation.testcases.DataDrivenTestExcel"/>
</testsuite> <!-- TestNG-Class -->
