<?xml version="1.0" encoding="UTF-8"?>
<testng-results skipped="0" failed="0" ignored="0" total="5" passed="5">
  <reporter-output>
  </reporter-output>
  <suite name="Default Suite" duration-ms="42" started-at="2023-05-25T10:13:33Z" finished-at="2023-05-25T10:13:33Z">
    <groups>
    </groups>
    <test name="TestNG-Class" duration-ms="42" started-at="2023-05-25T10:13:33Z" finished-at="2023-05-25T10:13:33Z">
      <class name="com.automation.testcases.ExampleDependencyPriority">
        <test-method status="PASS" signature="test3()[pri:-2, instance:com.automation.testcases.ExampleDependencyPriority@6b2fad11]" name="test3" duration-ms="9" started-at="2023-05-25T10:13:33Z" finished-at="2023-05-25T10:13:33Z">
          <reporter-output>
          </reporter-output>
        </test-method> <!-- test3 -->
        <test-method status="PASS" signature="test1()[pri:0, instance:com.automation.testcases.ExampleDependencyPriority@6b2fad11]" name="test1" duration-ms="1" started-at="2023-05-25T10:13:33Z" finished-at="2023-05-25T10:13:33Z">
          <reporter-output>
          </reporter-output>
        </test-method> <!-- test1 -->
        <test-method status="PASS" signature="test2()[pri:0, instance:com.automation.testcases.ExampleDependencyPriority@6b2fad11]" name="test2" duration-ms="0" started-at="2023-05-25T10:13:33Z" finished-at="2023-05-25T10:13:33Z">
          <reporter-output>
          </reporter-output>
        </test-method> <!-- test2 -->
        <test-method status="PASS" signature="test4()[pri:0, instance:com.automation.testcases.ExampleDependencyPriority@6b2fad11]" name="test4" duration-ms="0" started-at="2023-05-25T10:13:33Z" finished-at="2023-05-25T10:13:33Z">
          <reporter-output>
          </reporter-output>
        </test-method> <!-- test4 -->
        <test-method status="PASS" signature="test5()[pri:-1, instance:com.automation.testcases.ExampleDependencyPriority@6b2fad11]" name="test5" duration-ms="0" started-at="2023-05-25T10:13:33Z" depends-on-methods="com.automation.testcases.ExampleDependencyPriority.test4" finished-at="2023-05-25T10:13:33Z">
          <reporter-output>
          </reporter-output>
        </test-method> <!-- test5 -->
      </class> <!-- com.automation.testcases.ExampleDependencyPriority -->
    </test> <!-- TestNG-Class -->
  </suite> <!-- Default Suite -->
</testng-results>
