<?xml version="1.0" encoding="UTF-8"?>
<testng-results skipped="0" failed="0" ignored="0" total="11" passed="11">
  <reporter-output>
  </reporter-output>
  <suite name="Default Suite" duration-ms="1083" started-at="2023-05-26T18:06:43Z" finished-at="2023-05-26T18:06:44Z">
    <groups>
    </groups>
    <test name="TestNG-Class" duration-ms="1083" started-at="2023-05-26T18:06:43Z" finished-at="2023-05-26T18:06:44Z">
      <class name="com.automation.testcases.DataDrivenTestExcel">
        <test-method status="PASS" signature="verifyLoginSuccessfulWithValidCredentials()[pri:0, instance:com.automation.testcases.DataDrivenTestExcel@5d624da6]" name="verifyLoginSuccessfulWithValidCredentials" duration-ms="10" started-at="2023-05-26T18:06:43Z" finished-at="2023-05-26T18:06:43Z">
          <reporter-output>
          </reporter-output>
        </test-method> <!-- verifyLoginSuccessfulWithValidCredentials -->
        <test-method status="PASS" signature="verifyLoginUnsuccessfulWithInvalidCredentials(java.lang.String, java.lang.String)[pri:0, instance:com.automation.testcases.DataDrivenTestExcel@5d624da6]" name="verifyLoginUnsuccessfulWithInvalidCredentials" duration-ms="2" started-at="2023-05-26T18:06:44Z" data-provider="invalidData" finished-at="2023-05-26T18:06:44Z">
          <params>
            <param index="0">
              <value>
                <![CDATA[Aelita]]>
              </value>
            </param>
            <param index="1">
              <value>
                <![CDATA[Jeldenova]]>
              </value>
            </param>
          </params>
          <reporter-output>
          </reporter-output>
        </test-method> <!-- verifyLoginUnsuccessfulWithInvalidCredentials -->
        <test-method status="PASS" signature="verifyLoginUnsuccessfulWithInvalidCredentials(java.lang.String, java.lang.String)[pri:0, instance:com.automation.testcases.DataDrivenTestExcel@5d624da6]" name="verifyLoginUnsuccessfulWithInvalidCredentials" duration-ms="0" started-at="2023-05-26T18:06:44Z" data-provider="invalidData" finished-at="2023-05-26T18:06:44Z">
          <params>
            <param index="0">
              <value>
                <![CDATA[Adelina]]>
              </value>
            </param>
            <param index="1">
              <value>
                <![CDATA[Jeldenova]]>
              </value>
            </param>
          </params>
          <reporter-output>
          </reporter-output>
        </test-method> <!-- verifyLoginUnsuccessfulWithInvalidCredentials -->
        <test-method status="PASS" signature="verifyLoginUnsuccessfulWithInvalidCredentials(java.lang.String, java.lang.String)[pri:0, instance:com.automation.testcases.DataDrivenTestExcel@5d624da6]" name="verifyLoginUnsuccessfulWithInvalidCredentials" duration-ms="0" started-at="2023-05-26T18:06:44Z" data-provider="invalidData" finished-at="2023-05-26T18:06:44Z">
          <params>
            <param index="0">
              <value>
                <![CDATA[Anjelina]]>
              </value>
            </param>
            <param index="1">
              <value>
                <![CDATA[Eldiyarova]]>
              </value>
            </param>
          </params>
          <reporter-output>
          </reporter-output>
        </test-method> <!-- verifyLoginUnsuccessfulWithInvalidCredentials -->
        <test-method status="PASS" signature="verifyLoginUnsuccessfulWithInvalidCredentials(java.lang.String, java.lang.String)[pri:0, instance:com.automation.testcases.DataDrivenTestExcel@5d624da6]" name="verifyLoginUnsuccessfulWithInvalidCredentials" duration-ms="0" started-at="2023-05-26T18:06:44Z" data-provider="invalidData" finished-at="2023-05-26T18:06:44Z">
          <params>
            <param index="0">
              <value>
                <![CDATA[Bekjan]]>
              </value>
            </param>
            <param index="1">
              <value>
                <![CDATA[Jeldenov]]>
              </value>
            </param>
          </params>
          <reporter-output>
          </reporter-output>
        </test-method> <!-- verifyLoginUnsuccessfulWithInvalidCredentials -->
        <test-method status="PASS" signature="verifyLoginUnsuccessfulWithInvalidCredentials(java.lang.String, java.lang.String)[pri:0, instance:com.automation.testcases.DataDrivenTestExcel@5d624da6]" name="verifyLoginUnsuccessfulWithInvalidCredentials" duration-ms="1" started-at="2023-05-26T18:06:44Z" data-provider="invalidData" finished-at="2023-05-26T18:06:44Z">
          <params>
            <param index="0">
              <value>
                <![CDATA[Danis]]>
              </value>
            </param>
            <param index="1">
              <value>
                <![CDATA[Jeldenov]]>
              </value>
            </param>
          </params>
          <reporter-output>
          </reporter-output>
        </test-method> <!-- verifyLoginUnsuccessfulWithInvalidCredentials -->
        <test-method status="PASS" signature="verifyLoginUnsuccessfulWithInvalidCredentials(java.lang.String, java.lang.String)[pri:0, instance:com.automation.testcases.DataDrivenTestExcel@5d624da6]" name="verifyLoginUnsuccessfulWithInvalidCredentials" duration-ms="0" started-at="2023-05-26T18:06:44Z" data-provider="invalidData" finished-at="2023-05-26T18:06:44Z">
          <params>
            <param index="0">
              <value>
                <![CDATA[Arsen]]>
              </value>
            </param>
            <param index="1">
              <value>
                <![CDATA[Nizarov]]>
              </value>
            </param>
          </params>
          <reporter-output>
          </reporter-output>
        </test-method> <!-- verifyLoginUnsuccessfulWithInvalidCredentials -->
        <test-method status="PASS" signature="verifyLoginUnsuccessfulWithInvalidCredentials(java.lang.String, java.lang.String)[pri:0, instance:com.automation.testcases.DataDrivenTestExcel@5d624da6]" name="verifyLoginUnsuccessfulWithInvalidCredentials" duration-ms="1" started-at="2023-05-26T18:06:44Z" data-provider="invalidData" finished-at="2023-05-26T18:06:44Z">
          <params>
            <param index="0">
              <value>
                <![CDATA[Zaina]]>
              </value>
            </param>
            <param index="1">
              <value>
                <![CDATA[Usupova]]>
              </value>
            </param>
          </params>
          <reporter-output>
          </reporter-output>
        </test-method> <!-- verifyLoginUnsuccessfulWithInvalidCredentials -->
        <test-method status="PASS" signature="verifyLoginUnsuccessfulWithInvalidCredentials(java.lang.String, java.lang.String)[pri:0, instance:com.automation.testcases.DataDrivenTestExcel@5d624da6]" name="verifyLoginUnsuccessfulWithInvalidCredentials" duration-ms="0" started-at="2023-05-26T18:06:44Z" data-provider="invalidData" finished-at="2023-05-26T18:06:44Z">
          <params>
            <param index="0">
              <value>
                <![CDATA[Albina]]>
              </value>
            </param>
            <param index="1">
              <value>
                <![CDATA[Jeldenova]]>
              </value>
            </param>
          </params>
          <reporter-output>
          </reporter-output>
        </test-method> <!-- verifyLoginUnsuccessfulWithInvalidCredentials -->
        <test-method status="PASS" signature="verifyLoginUnsuccessfulWithInvalidCredentials(java.lang.String, java.lang.String)[pri:0, instance:com.automation.testcases.DataDrivenTestExcel@5d624da6]" name="verifyLoginUnsuccessfulWithInvalidCredentials" duration-ms="0" started-at="2023-05-26T18:06:44Z" data-provider="invalidData" finished-at="2023-05-26T18:06:44Z">
          <params>
            <param index="0">
              <value>
                <![CDATA[Arslan ]]>
              </value>
            </param>
            <param index="1">
              <value>
                <![CDATA[Nizarov]]>
              </value>
            </param>
          </params>
          <reporter-output>
          </reporter-output>
        </test-method> <!-- verifyLoginUnsuccessfulWithInvalidCredentials -->
        <test-method status="PASS" signature="verifyLoginUnsuccessfulWithInvalidCredentials(java.lang.String, java.lang.String)[pri:0, instance:com.automation.testcases.DataDrivenTestExcel@5d624da6]" name="verifyLoginUnsuccessfulWithInvalidCredentials" duration-ms="0" started-at="2023-05-26T18:06:44Z" data-provider="invalidData" finished-at="2023-05-26T18:06:44Z">
          <params>
            <param index="0">
              <value>
                <![CDATA[Jelden]]>
              </value>
            </param>
            <param index="1">
              <value>
                <![CDATA[Usupova]]>
              </value>
            </param>
          </params>
          <reporter-output>
          </reporter-output>
        </test-method> <!-- verifyLoginUnsuccessfulWithInvalidCredentials -->
      </class> <!-- com.automation.testcases.DataDrivenTestExcel -->
    </test> <!-- TestNG-Class -->
  </suite> <!-- Default Suite -->
</testng-results>
